2026-03-13 18:26:58.436 [main] INFO  com.wzz.gspt.GSPTApplication - Starting GSPTApplication using Java 21.0.10 with PID 35224 (E:\CODEPROJECT\JAVA\GSPT\target\classes started by yuxs in E:\CODEPROJECT\JAVA\GSPT)
2026-03-13 18:26:58.444 [main] INFO  com.wzz.gspt.GSPTApplication - No active profile set, falling back to 1 default profile: "default"
2026-03-13 18:26:58.602 [background-preinit] INFO  org.hibernate.validator.internal.util.Version - HV000001: Hibernate Validator 9.0.1.Final
2026-03-13 18:26:59.256 [main] INFO  org.springframework.data.repository.config.RepositoryConfigurationDelegate - Multiple Spring Data modules found, entering strict repository configuration mode
2026-03-13 18:26:59.257 [main] INFO  org.springframework.data.repository.config.RepositoryConfigurationDelegate - Bootstrapping Spring Data Redis repositories in DEFAULT mode.
2026-03-13 18:26:59.291 [main] INFO  org.springframework.data.repository.config.RepositoryConfigurationDelegate - Finished Spring Data repository scanning in 18 ms. Found 0 Redis repository interfaces.
2026-03-13 18:26:59.835 [main] INFO  org.springframework.boot.tomcat.TomcatWebServer - Tomcat initialized with port 8080 (http)
2026-03-13 18:26:59.847 [main] INFO  org.apache.coyote.http11.Http11NioProtocol - Initializing ProtocolHandler ["http-nio-8080"]
2026-03-13 18:26:59.848 [main] INFO  org.apache.catalina.core.StandardService - Starting service [Tomcat]
2026-03-13 18:26:59.848 [main] INFO  org.apache.catalina.core.StandardEngine - Starting Servlet engine: [Apache Tomcat/11.0.18]
2026-03-13 18:26:59.897 [main] INFO  org.springframework.boot.web.context.servlet.WebApplicationContextInitializer - Root WebApplicationContext: initialization completed in 1410 ms
2026-03-13 18:27:00.287 [main] INFO  com.zaxxer.hikari.HikariDataSource - HikariPool-1 - Starting...
2026-03-13 18:27:00.414 [main] INFO  com.zaxxer.hikari.pool.HikariPool - HikariPool-1 - Added connection com.mysql.cj.jdbc.ConnectionImpl@237cd264
2026-03-13 18:27:00.415 [main] INFO  com.zaxxer.hikari.HikariDataSource - HikariPool-1 - Start completed.
2026-03-13 18:27:01.734 [main] INFO  com.baomidou.mybatisplus.extension.spring.MybatisPlusApplicationContextAware - Register ApplicationContext instances org.springframework.boot.web.server.servlet.context.AnnotationConfigServletWebServerApplicationContext@599f571f
2026-03-13 18:27:01.982 [main] INFO  org.springframework.boot.actuate.endpoint.web.EndpointLinksResolver - Exposing 1 endpoint beneath base path '/actuator'
2026-03-13 18:27:02.044 [main] INFO  org.apache.coyote.http11.Http11NioProtocol - Starting ProtocolHandler ["http-nio-8080"]
2026-03-13 18:27:02.049 [main] INFO  org.springframework.boot.tomcat.TomcatWebServer - Tomcat started on port 8080 (http) with context path '/'
2026-03-13 18:27:02.057 [main] INFO  com.wzz.gspt.GSPTApplication - Started GSPTApplication in 4.137 seconds (process running for 5.628)
2026-03-13 18:27:02.468 [RMI TCP Connection(2)-198.18.0.1] INFO  org.apache.catalina.core.ContainerBase.[Tomcat].[localhost].[/] - Initializing Spring DispatcherServlet 'dispatcherServlet'
2026-03-13 18:27:02.468 [RMI TCP Connection(2)-198.18.0.1] INFO  org.springframework.web.servlet.DispatcherServlet - Initializing Servlet 'dispatcherServlet'
2026-03-13 18:27:02.470 [RMI TCP Connection(2)-198.18.0.1] INFO  org.springframework.web.servlet.DispatcherServlet - Completed initialization in 2 ms
